# Logfile created on 2018-06-13 14:01:23 +0200 by logger.rb/54362
  INFO ---------------------------------------------------------------------------
  INFO START 2018-06-13 14:01:23 +0200 cap production ec2:status
  INFO ---------------------------------------------------------------------------
  INFO ---------------------------------------------------------------------------
  INFO START 2018-06-13 14:03:18 +0200 cap production ec2:status
  INFO ---------------------------------------------------------------------------
  INFO ---------------------------------------------------------------------------
  INFO START 2018-06-13 15:42:12 +0200 cap production ec2:status
  INFO ---------------------------------------------------------------------------
  INFO ---------------------------------------------------------------------------
  INFO START 2018-06-13 15:44:16 +0200 cap production ec2:status
  INFO ---------------------------------------------------------------------------
  INFO ---------------------------------------------------------------------------
  INFO START 2018-06-13 15:44:36 +0200 cap production ec2:status
  INFO ---------------------------------------------------------------------------
  INFO ---------------------------------------------------------------------------
  INFO START 2018-06-13 15:44:59 +0200 cap production ec2:status
  INFO ---------------------------------------------------------------------------
  INFO ---------------------------------------------------------------------------
  INFO START 2018-06-13 15:47:02 +0200 cap production ec2:status
  INFO ---------------------------------------------------------------------------
  INFO ---------------------------------------------------------------------------
  INFO START 2018-06-13 15:48:16 +0200 cap production ec2:status
  INFO ---------------------------------------------------------------------------
  INFO ---------------------------------------------------------------------------
  INFO START 2018-06-13 15:49:21 +0200 cap production ec2:status
  INFO ---------------------------------------------------------------------------
  INFO ---------------------------------------------------------------------------
  INFO START 2018-06-13 15:50:07 +0200 cap production ec2:status
  INFO ---------------------------------------------------------------------------
  INFO ---------------------------------------------------------------------------
  INFO START 2018-06-13 15:50:32 +0200 cap production ec2:status
  INFO ---------------------------------------------------------------------------
  INFO ---------------------------------------------------------------------------
  INFO START 2018-06-13 15:50:38 +0200 cap production ec2:status
  INFO ---------------------------------------------------------------------------
  INFO ---------------------------------------------------------------------------
  INFO START 2018-06-13 15:50:55 +0200 cap production deploy
  INFO ---------------------------------------------------------------------------
  INFO [e21f85d1] Running /usr/bin/env mkdir -p /tmp on 
 DEBUG [e21f85d1] Command: /usr/bin/env mkdir -p /tmp
  INFO [e21f85d1] Finished in 0.241 seconds with exit status 0 (successful).
 DEBUG Uploading /tmp/git-ssh-my_app_name-production-alexanderl.sh 0.0%
  INFO Uploading /tmp/git-ssh-my_app_name-production-alexanderl.sh 100.0%
  INFO [5cf43903] Running /usr/bin/env chmod 700 /tmp/git-ssh-my_app_name-production-alexanderl.sh on 
 DEBUG [5cf43903] Command: /usr/bin/env chmod 700 /tmp/git-ssh-my_app_name-production-alexanderl.sh
  INFO [5cf43903] Finished in 0.026 seconds with exit status 0 (successful).
  INFO [26d7df14] Running /usr/bin/env git ls-remote git@example.com:me/my_repo.git HEAD on 
 DEBUG [26d7df14] Command: ( export GIT_ASKPASS="/bin/echo" GIT_SSH="/tmp/git-ssh-my_app_name-production-alexanderl.sh" ; /usr/bin/env git ls-remote git@example.com:me/my_repo.git HEAD )
 DEBUG [26d7df14] 	Warning: Permanently added 'example.com' (ECDSA) to the list of known hosts.
  INFO ---------------------------------------------------------------------------
  INFO START 2018-06-13 15:51:51 +0200 cap production ec2:status
  INFO ---------------------------------------------------------------------------
  INFO ---------------------------------------------------------------------------
  INFO START 2018-06-13 15:52:17 +0200 cap production ec2:status
  INFO ---------------------------------------------------------------------------
  INFO ---------------------------------------------------------------------------
  INFO START 2018-06-13 15:53:52 +0200 cap production ec2:status
  INFO ---------------------------------------------------------------------------
  INFO ---------------------------------------------------------------------------
  INFO START 2018-06-13 16:05:15 +0200 cap production ec2:status
  INFO ---------------------------------------------------------------------------
  INFO ---------------------------------------------------------------------------
  INFO START 2018-06-13 16:19:45 +0200 cap production ec2:status
  INFO ---------------------------------------------------------------------------
  INFO ---------------------------------------------------------------------------
  INFO START 2018-06-13 16:19:49 +0200 cap production ec2:status
  INFO ---------------------------------------------------------------------------
  INFO ---------------------------------------------------------------------------
  INFO START 2018-06-13 16:35:10 +0200 cap production ec2:status
  INFO ---------------------------------------------------------------------------
  INFO ---------------------------------------------------------------------------
  INFO START 2018-06-13 16:35:33 +0200 cap production ec2:status
  INFO ---------------------------------------------------------------------------
  INFO ---------------------------------------------------------------------------
  INFO START 2018-06-13 16:35:37 +0200 cap production ec2:status
  INFO ---------------------------------------------------------------------------
  INFO ---------------------------------------------------------------------------
  INFO START 2018-06-13 16:35:41 +0200 cap production ec2:status
  INFO ---------------------------------------------------------------------------
  INFO ---------------------------------------------------------------------------
  INFO START 2018-06-13 16:38:06 +0200 cap production ec2:status
  INFO ---------------------------------------------------------------------------
  INFO ---------------------------------------------------------------------------
  INFO START 2018-06-14 18:23:40 +0200 cap production ec2:status
  INFO ---------------------------------------------------------------------------
  INFO ---------------------------------------------------------------------------
  INFO START 2018-06-14 18:23:52 +0200 cap production ec2:status
  INFO ---------------------------------------------------------------------------
  INFO ---------------------------------------------------------------------------
  INFO START 2018-06-14 18:23:59 +0200 cap staging ec2:status
  INFO ---------------------------------------------------------------------------
  INFO ---------------------------------------------------------------------------
  INFO START 2018-06-14 18:24:16 +0200 cap production ec2:status
  INFO ---------------------------------------------------------------------------
